-------------------------------------------------------------------------------
Test set: com.crud.SpringRestCrud03ApplicationTests
-------------------------------------------------------------------------------
Tests run: 1, Failures: 0, Errors: 1, Skipped: 0, Time elapsed: 0.573 s <<< FAILURE! - in com.crud.SpringRestCrud03ApplicationTests
initializationError(com.crud.SpringRestCrud03ApplicationTests)  Time elapsed: 0.009 s  <<< ERROR!
java.lang.IllegalStateException: Unable to find a @SpringBootConfiguration, you need to use @ContextConfiguration or @SpringBootTest(classes=...) with your test

